2025-01-20 13:34:18 [main] INFO  n.o.s.SpringSecurityOauth2Application - Starting SpringSecurityOauth2Application using Java 17.0.9 with PID 6056 (C:\JavaLessons\Spring\SpringSecurityOauth2\SpringSecurityOauth2\target\classes started by metan in C:\JavaLessons\Spring\SpringSecurityOauth2\SpringSecurityOauth2)
2025-01-20 13:34:18 [main] DEBUG n.o.s.SpringSecurityOauth2Application - Running with Spring Boot v3.4.1, Spring v6.2.1
2025-01-20 13:34:18 [main] INFO  n.o.s.SpringSecurityOauth2Application - No active profile set, falling back to 1 default profile: "default"
2025-01-20 13:34:19 [main] INFO  o.a.coyote.http11.Http11NioProtocol - Initializing ProtocolHandler ["http-nio-8080"]
2025-01-20 13:34:19 [main] INFO  o.a.catalina.core.StandardService - Starting service [Tomcat]
2025-01-20 13:34:19 [main] INFO  o.a.catalina.core.StandardEngine - Starting Servlet engine: [Apache Tomcat/10.1.34]
2025-01-20 13:34:19 [main] INFO  o.a.c.c.C.[Tomcat].[localhost].[/] - Initializing Spring embedded WebApplicationContext
2025-01-20 13:34:19 [main] WARN  o.s.b.w.s.c.AnnotationConfigServletWebServerApplicationContext - Exception encountered during context initialization - cancelling refresh attempt: org.springframework.beans.factory.BeanCreationException: Error creating bean with name 'entityManagerFactory' defined in class path resource [org/springframework/boot/autoconfigure/orm/jpa/HibernateJpaConfiguration.class]: Failed to initialize dependency 'dataSourceScriptDatabaseInitializer' of LoadTimeWeaverAware bean 'entityManagerFactory': Error creating bean with name 'dataSourceScriptDatabaseInitializer' defined in class path resource [org/springframework/boot/autoconfigure/sql/init/DataSourceInitializationConfiguration.class]: Unsatisfied dependency expressed through method 'dataSourceScriptDatabaseInitializer' parameter 0: Error creating bean with name 'dataSource' defined in class path resource [org/springframework/boot/autoconfigure/jdbc/DataSourceConfiguration$Hikari.class]: Failed to instantiate [com.zaxxer.hikari.HikariDataSource]: Factory method 'dataSource' threw exception with message: Failed to determine a suitable driver class
2025-01-20 13:34:19 [main] INFO  o.a.catalina.core.StandardService - Stopping service [Tomcat]
2025-01-20 13:34:19 [main] ERROR o.s.b.d.LoggingFailureAnalysisReporter - 

***************************
APPLICATION FAILED TO START
***************************

Description:

Failed to configure a DataSource: 'url' attribute is not specified and no embedded datasource could be configured.

Reason: Failed to determine a suitable driver class


Action:

Consider the following:
	If you want an embedded database (H2, HSQL or Derby), please put it on the classpath.
	If you have database settings to be loaded from a particular profile you may need to activate it (no profiles are currently active).

2025-01-20 13:36:34 [main] INFO  n.o.s.SpringSecurityOauth2Application - Starting SpringSecurityOauth2Application using Java 17.0.9 with PID 10660 (C:\JavaLessons\Spring\SpringSecurityOauth2\SpringSecurityOauth2\target\classes started by metan in C:\JavaLessons\Spring\SpringSecurityOauth2\SpringSecurityOauth2)
2025-01-20 13:36:34 [main] DEBUG n.o.s.SpringSecurityOauth2Application - Running with Spring Boot v3.4.1, Spring v6.2.1
2025-01-20 13:36:34 [main] INFO  n.o.s.SpringSecurityOauth2Application - No active profile set, falling back to 1 default profile: "default"
2025-01-20 13:36:35 [main] INFO  o.a.coyote.http11.Http11NioProtocol - Initializing ProtocolHandler ["http-nio-8080"]
2025-01-20 13:36:35 [main] INFO  o.a.catalina.core.StandardService - Starting service [Tomcat]
2025-01-20 13:36:35 [main] INFO  o.a.catalina.core.StandardEngine - Starting Servlet engine: [Apache Tomcat/10.1.34]
2025-01-20 13:36:35 [main] INFO  o.a.c.c.C.[Tomcat].[localhost].[/] - Initializing Spring embedded WebApplicationContext
2025-01-20 13:36:35 [main] WARN  o.s.b.w.s.c.AnnotationConfigServletWebServerApplicationContext - Exception encountered during context initialization - cancelling refresh attempt: org.springframework.beans.factory.BeanCreationException: Error creating bean with name 'entityManagerFactory' defined in class path resource [org/springframework/boot/autoconfigure/orm/jpa/HibernateJpaConfiguration.class]: Failed to initialize dependency 'dataSourceScriptDatabaseInitializer' of LoadTimeWeaverAware bean 'entityManagerFactory': Error creating bean with name 'dataSourceScriptDatabaseInitializer' defined in class path resource [org/springframework/boot/autoconfigure/sql/init/DataSourceInitializationConfiguration.class]: Unsatisfied dependency expressed through method 'dataSourceScriptDatabaseInitializer' parameter 0: Error creating bean with name 'dataSource' defined in class path resource [org/springframework/boot/autoconfigure/jdbc/DataSourceConfiguration$Hikari.class]: Failed to instantiate [com.zaxxer.hikari.HikariDataSource]: Factory method 'dataSource' threw exception with message: Failed to determine a suitable driver class
2025-01-20 13:36:35 [main] INFO  o.a.catalina.core.StandardService - Stopping service [Tomcat]
2025-01-20 13:36:35 [main] ERROR o.s.b.d.LoggingFailureAnalysisReporter - 

***************************
APPLICATION FAILED TO START
***************************

Description:

Failed to configure a DataSource: 'url' attribute is not specified and no embedded datasource could be configured.

Reason: Failed to determine a suitable driver class


Action:

Consider the following:
	If you want an embedded database (H2, HSQL or Derby), please put it on the classpath.
	If you have database settings to be loaded from a particular profile you may need to activate it (no profiles are currently active).

2025-01-20 13:38:16 [main] INFO  n.o.s.SpringSecurityOauth2Application - Starting SpringSecurityOauth2Application using Java 17.0.9 with PID 20752 (C:\JavaLessons\Spring\SpringSecurityOauth2\SpringSecurityOauth2\target\classes started by metan in C:\JavaLessons\Spring\SpringSecurityOauth2\SpringSecurityOauth2)
2025-01-20 13:38:16 [main] DEBUG n.o.s.SpringSecurityOauth2Application - Running with Spring Boot v3.4.1, Spring v6.2.1
2025-01-20 13:38:16 [main] INFO  n.o.s.SpringSecurityOauth2Application - No active profile set, falling back to 1 default profile: "default"
2025-01-20 13:38:17 [main] INFO  o.a.coyote.http11.Http11NioProtocol - Initializing ProtocolHandler ["http-nio-8080"]
2025-01-20 13:38:17 [main] INFO  o.a.catalina.core.StandardService - Starting service [Tomcat]
2025-01-20 13:38:17 [main] INFO  o.a.catalina.core.StandardEngine - Starting Servlet engine: [Apache Tomcat/10.1.34]
2025-01-20 13:38:17 [main] INFO  o.a.c.c.C.[Tomcat].[localhost].[/] - Initializing Spring embedded WebApplicationContext
2025-01-20 13:38:17 [main] WARN  o.s.b.w.s.c.AnnotationConfigServletWebServerApplicationContext - Exception encountered during context initialization - cancelling refresh attempt: org.springframework.beans.factory.BeanCreationException: Error creating bean with name 'entityManagerFactory' defined in class path resource [org/springframework/boot/autoconfigure/orm/jpa/HibernateJpaConfiguration.class]: Failed to initialize dependency 'dataSourceScriptDatabaseInitializer' of LoadTimeWeaverAware bean 'entityManagerFactory': Error creating bean with name 'dataSourceScriptDatabaseInitializer' defined in class path resource [org/springframework/boot/autoconfigure/sql/init/DataSourceInitializationConfiguration.class]: Unsatisfied dependency expressed through method 'dataSourceScriptDatabaseInitializer' parameter 0: Error creating bean with name 'dataSource' defined in class path resource [org/springframework/boot/autoconfigure/jdbc/DataSourceConfiguration$Hikari.class]: Failed to instantiate [com.zaxxer.hikari.HikariDataSource]: Factory method 'dataSource' threw exception with message: Failed to determine a suitable driver class
2025-01-20 13:38:17 [main] INFO  o.a.catalina.core.StandardService - Stopping service [Tomcat]
2025-01-20 13:38:17 [main] ERROR o.s.b.d.LoggingFailureAnalysisReporter - 

***************************
APPLICATION FAILED TO START
***************************

Description:

Failed to configure a DataSource: 'url' attribute is not specified and no embedded datasource could be configured.

Reason: Failed to determine a suitable driver class


Action:

Consider the following:
	If you want an embedded database (H2, HSQL or Derby), please put it on the classpath.
	If you have database settings to be loaded from a particular profile you may need to activate it (no profiles are currently active).

